# JRE version: OpenJDK Runtime Environment (11.0.11+9) (build 11.0.11+9-Ubuntu-0ubuntu2.20.04)
# Java VM: OpenJDK 64-Bit Server VM (11.0.11+9-Ubuntu-0ubuntu2.20.04, mixed mode, sharing, tiered, compressed oops, parallel gc, linux-amd64)
Heap:
 PSYoungGen      total 23552K, used 4421K [0x00000000eab00000, 0x00000000ec600000, 0x0000000100000000)
  eden space 22016K, 13% used [0x00000000eab00000,0x00000000eadfac40,0x00000000ec080000)
  from space 1536K, 89% used [0x00000000ec480000,0x00000000ec5d6860,0x00000000ec600000)
  to   space 1536K, 0% used [0x00000000ec300000,0x00000000ec300000,0x00000000ec480000)
 ParOldGen       total 68608K, used 27622K [0x00000000c0000000, 0x00000000c4300000, 0x00000000eab00000)
  object space 68608K, 40% used [0x00000000c0000000,0x00000000c1af99e8,0x00000000c4300000)
 Metaspace       used 32842K, capacity 34624K, committed 35072K, reserved 1081344K
  class space    used 3085K, capacity 3742K, committed 3840K, reserved 1048576K
GC Heap History (20 events):
Event: 4.020 GC heap before
{Heap before GC invocations=6 (full 1):
 PSYoungGen      total 29696K, used 25600K [0x00000000eab00000, 0x00000000ecc00000, 0x0000000100000000)
  eden space 25600K, 100% used [0x00000000eab00000,0x00000000ec400000,0x00000000ec400000)
  from space 4096K, 0% used [0x00000000ec800000,0x00000000ec800000,0x00000000ecc00000)
  to   space 4096K, 0% used [0x00000000ec400000,0x00000000ec400000,0x00000000ec800000)
 ParOldGen       total 68608K, used 9504K [0x00000000c0000000, 0x00000000c4300000, 0x00000000eab00000)
  object space 68608K, 13% used [0x00000000c0000000,0x00000000c09482c0,0x00000000c4300000)
 Metaspace       used 23713K, capacity 25320K, committed 25472K, reserved 1071104K
  class space    used 2347K, capacity 2939K, committed 2944K, reserved 1048576K
}
Event: 4.033 GC heap after
{Heap after GC invocations=6 (full 1):
 PSYoungGen      total 27648K, used 2528K [0x00000000eab00000, 0x00000000ecb80000, 0x0000000100000000)
  eden space 25088K, 0% used [0x00000000eab00000,0x00000000eab00000,0x00000000ec380000)
  from space 2560K, 98% used [0x00000000ec400000,0x00000000ec678020,0x00000000ec680000)
  to   space 4096K, 0% used [0x00000000ec780000,0x00000000ec780000,0x00000000ecb80000)
 ParOldGen       total 68608K, used 9512K [0x00000000c0000000, 0x00000000c4300000, 0x00000000eab00000)
  object space 68608K, 13% used [0x00000000c0000000,0x00000000c094a2c0,0x00000000c4300000)
 Metaspace       used 23713K, capacity 25320K, committed 25472K, reserved 1071104K
  class space    used 2347K, capacity 2939K, committed 2944K, reserved 1048576K
}
Event: 4.240 GC heap before
{Heap before GC invocations=7 (full 1):
 PSYoungGen      total 27648K, used 27616K [0x00000000eab00000, 0x00000000ecb80000, 0x0000000100000000)
  eden space 25088K, 100% used [0x00000000eab00000,0x00000000ec380000,0x00000000ec380000)
  from space 2560K, 98% used [0x00000000ec400000,0x00000000ec678020,0x00000000ec680000)
  to   space 4096K, 0% used [0x00000000ec780000,0x00000000ec780000,0x00000000ecb80000)
 ParOldGen       total 68608K, used 9512K [0x00000000c0000000, 0x00000000c4300000, 0x00000000eab00000)
  object space 68608K, 13% used [0x00000000c0000000,0x00000000c094a2c0,0x00000000c4300000)
 Metaspace       used 23811K, capacity 25449K, committed 25728K, reserved 1073152K
  class space    used 2352K, capacity 2939K, committed 2944K, reserved 1048576K
}
Event: 4.267 GC heap after
{Heap after GC invocations=7 (full 1):
 PSYoungGen      total 28160K, used 4064K [0x00000000eab00000, 0x00000000ecd00000, 0x0000000100000000)
  eden space 24064K, 0% used [0x00000000eab00000,0x00000000eab00000,0x00000000ec280000)
  from space 4096K, 99% used [0x00000000ec780000,0x00000000ecb78020,0x00000000ecb80000)
  to   space 5120K, 0% used [0x00000000ec280000,0x00000000ec280000,0x00000000ec780000)
 ParOldGen       total 68608K, used 10112K [0x00000000c0000000, 0x00000000c4300000, 0x00000000eab00000)
  object space 68608K, 14% used [0x00000000c0000000,0x00000000c09e02c0,0x00000000c4300000)
 Metaspace       used 23811K, capacity 25449K, committed 25728K, reserved 1073152K
  class space    used 2352K, capacity 2939K, committed 2944K, reserved 1048576K
}
Event: 4.424 GC heap before
{Heap before GC invocations=8 (full 1):
 PSYoungGen      total 28160K, used 28128K [0x00000000eab00000, 0x00000000ecd00000, 0x0000000100000000)
  eden space 24064K, 100% used [0x00000000eab00000,0x00000000ec280000,0x00000000ec280000)
  from space 4096K, 99% used [0x00000000ec780000,0x00000000ecb78020,0x00000000ecb80000)
  to   space 5120K, 0% used [0x00000000ec280000,0x00000000ec280000,0x00000000ec780000)
 ParOldGen       total 68608K, used 10112K [0x00000000c0000000, 0x00000000c4300000, 0x00000000eab00000)
  object space 68608K, 14% used [0x00000000c0000000,0x00000000c09e02c0,0x00000000c4300000)
 Metaspace       used 23899K, capacity 25545K, committed 25856K, reserved 1073152K
  class space    used 2356K, capacity 2971K, committed 3072K, reserved 1048576K
}
Event: 4.484 GC heap after
{Heap after GC invocations=8 (full 1):
 PSYoungGen      total 28672K, used 5106K [0x00000000eab00000, 0x00000000ed000000, 0x0000000100000000)
  eden space 23552K, 0% used [0x00000000eab00000,0x00000000eab00000,0x00000000ec200000)
  from space 5120K, 99% used [0x00000000ec280000,0x00000000ec77cb38,0x00000000ec780000)
  to   space 7168K, 0% used [0x00000000ec900000,0x00000000ec900000,0x00000000ed000000)
 ParOldGen       total 68608K, used 11308K [0x00000000c0000000, 0x00000000c4300000, 0x00000000eab00000)
  object space 68608K, 16% used [0x00000000c0000000,0x00000000c0b0b300,0x00000000c4300000)
 Metaspace       used 23899K, capacity 25545K, committed 25856K, reserved 1073152K
  class space    used 2356K, capacity 2971K, committed 3072K, reserved 1048576K
}
Event: 4.567 GC heap before
{Heap before GC invocations=9 (full 1):
 PSYoungGen      total 28672K, used 28658K [0x00000000eab00000, 0x00000000ed000000, 0x0000000100000000)
  eden space 23552K, 100% used [0x00000000eab00000,0x00000000ec200000,0x00000000ec200000)
  from space 5120K, 99% used [0x00000000ec280000,0x00000000ec77cb38,0x00000000ec780000)
  to   space 7168K, 0% used [0x00000000ec900000,0x00000000ec900000,0x00000000ed000000)
 ParOldGen       total 68608K, used 11308K [0x00000000c0000000, 0x00000000c4300000, 0x00000000eab00000)
  object space 68608K, 16% used [0x00000000c0000000,0x00000000c0b0b300,0x00000000c4300000)
 Metaspace       used 23974K, capacity 25609K, committed 25856K, reserved 1073152K
  class space    used 2364K, capacity 2971K, committed 3072K, reserved 1048576K
}
Event: 4.608 GC heap after
{Heap after GC invocations=9 (full 1):
 PSYoungGen      total 29696K, used 7154K [0x00000000eab00000, 0x00000000ed180000, 0x0000000100000000)
  eden space 22528K, 0% used [0x00000000eab00000,0x00000000eab00000,0x00000000ec100000)
  from space 7168K, 99% used [0x00000000ec900000,0x00000000ecffcb48,0x00000000ed000000)
  to   space 8192K, 0% used [0x00000000ec100000,0x00000000ec100000,0x00000000ec900000)
 ParOldGen       total 68608K, used 11916K [0x00000000c0000000, 0x00000000c4300000, 0x00000000eab00000)
  object space 68608K, 17% used [0x00000000c0000000,0x00000000c0ba3300,0x00000000c4300000)
 Metaspace       used 23974K, capacity 25609K, committed 25856K, reserved 1073152K
  class space    used 2364K, capacity 2971K, committed 3072K, reserved 1048576K
}
Event: 4.685 GC heap before
{Heap before GC invocations=10 (full 1):
 PSYoungGen      total 29696K, used 29682K [0x00000000eab00000, 0x00000000ed180000, 0x0000000100000000)
  eden space 22528K, 100% used [0x00000000eab00000,0x00000000ec100000,0x00000000ec100000)
  from space 7168K, 99% used [0x00000000ec900000,0x00000000ecffcb48,0x00000000ed000000)
  to   space 8192K, 0% used [0x00000000ec100000,0x00000000ec100000,0x00000000ec900000)
 ParOldGen       total 68608K, used 11916K [0x00000000c0000000, 0x00000000c4300000, 0x00000000eab00000)
  object space 68608K, 17% used [0x00000000c0000000,0x00000000c0ba3300,0x00000000c4300000)
 Metaspace       used 23974K, capacity 25609K, committed 25856K, reserved 1073152K
  class space    used 2364K, capacity 2971K, committed 3072K, reserved 1048576K
}
Event: 4.715 GC heap after
{Heap after GC invocations=10 (full 1):
 PSYoungGen      total 29184K, used 6656K [0x00000000eab00000, 0x00000000ece80000, 0x0000000100000000)
  eden space 22016K, 0% used [0x00000000eab00000,0x00000000eab00000,0x00000000ec080000)
  from space 7168K, 92% used [0x00000000ec100000,0x00000000ec780020,0x00000000ec800000)
  to   space 6656K, 0% used [0x00000000ec800000,0x00000000ec800000,0x00000000ece80000)
 ParOldGen       total 68608K, used 14965K [0x00000000c0000000, 0x00000000c4300000, 0x00000000eab00000)
  object space 68608K, 21% used [0x00000000c0000000,0x00000000c0e9d6b8,0x00000000c4300000)
 Metaspace       used 23974K, capacity 25609K, committed 25856K, reserved 1073152K
  class space    used 2364K, capacity 2971K, committed 3072K, reserved 1048576K
}
Event: 4.777 GC heap before
{Heap before GC invocations=11 (full 1):
 PSYoungGen      total 29184K, used 28672K [0x00000000eab00000, 0x00000000ece80000, 0x0000000100000000)
  eden space 22016K, 100% used [0x00000000eab00000,0x00000000ec080000,0x00000000ec080000)
  from space 7168K, 92% used [0x00000000ec100000,0x00000000ec780020,0x00000000ec800000)
  to   space 6656K, 0% used [0x00000000ec800000,0x00000000ec800000,0x00000000ece80000)
 ParOldGen       total 68608K, used 14965K [0x00000000c0000000, 0x00000000c4300000, 0x00000000eab00000)
  object space 68608K, 21% used [0x00000000c0000000,0x00000000c0e9d6b8,0x00000000c4300000)
 Metaspace       used 23974K, capacity 25609K, committed 25856K, reserved 1073152K
  class space    used 2364K, capacity 2971K, committed 3072K, reserved 1048576K
}
Event: 4.813 GC heap after
{Heap after GC invocations=11 (full 1):
 PSYoungGen      total 30720K, used 4704K [0x00000000eab00000, 0x00000000ed880000, 0x0000000100000000)
  eden space 24064K, 0% used [0x00000000eab00000,0x00000000eab00000,0x00000000ec280000)
  from space 6656K, 70% used [0x00000000ec800000,0x00000000ecc98010,0x00000000ece80000)
  to   space 5632K, 0% used [0x00000000ec280000,0x00000000ec280000,0x00000000ec800000)
 ParOldGen       total 68608K, used 18990K [0x00000000c0000000, 0x00000000c4300000, 0x00000000eab00000)
  object space 68608K, 27% used [0x00000000c0000000,0x00000000c128b9e8,0x00000000c4300000)
 Metaspace       used 23974K, capacity 25609K, committed 25856K, reserved 1073152K
  class space    used 2364K, capacity 2971K, committed 3072K, reserved 1048576K
}
Event: 5.428 GC heap before
{Heap before GC invocations=12 (full 1):
 PSYoungGen      total 30720K, used 28768K [0x00000000eab00000, 0x00000000ed880000, 0x0000000100000000)
  eden space 24064K, 100% used [0x00000000eab00000,0x00000000ec280000,0x00000000ec280000)
  from space 6656K, 70% used [0x00000000ec800000,0x00000000ecc98010,0x00000000ece80000)
  to   space 5632K, 0% used [0x00000000ec280000,0x00000000ec280000,0x00000000ec800000)
 ParOldGen       total 68608K, used 18990K [0x00000000c0000000, 0x00000000c4300000, 0x00000000eab00000)
  object space 68608K, 27% used [0x00000000c0000000,0x00000000c128b9e8,0x00000000c4300000)
 Metaspace       used 27726K, capacity 29424K, committed 29696K, reserved 1075200K
  class space    used 2641K, capacity 3288K, committed 3328K, reserved 1048576K
}
Event: 5.454 GC heap after
{Heap after GC invocations=12 (full 1):
 PSYoungGen      total 26624K, used 2581K [0x00000000eab00000, 0x00000000ec900000, 0x0000000100000000)
  eden space 23552K, 0% used [0x00000000eab00000,0x00000000eab00000,0x00000000ec200000)
  from space 3072K, 84% used [0x00000000ec280000,0x00000000ec5054c8,0x00000000ec580000)
  to   space 3584K, 0% used [0x00000000ec580000,0x00000000ec580000,0x00000000ec900000)
 ParOldGen       total 68608K, used 23612K [0x00000000c0000000, 0x00000000c4300000, 0x00000000eab00000)
  object space 68608K, 34% used [0x00000000c0000000,0x00000000c170f278,0x00000000c4300000)
 Metaspace       used 27726K, capacity 29424K, committed 29696K, reserved 1075200K
  class space    used 2641K, capacity 3288K, committed 3328K, reserved 1048576K
}
Event: 6.500 GC heap before
{Heap before GC invocations=13 (full 1):
 PSYoungGen      total 26624K, used 26133K [0x00000000eab00000, 0x00000000ec900000, 0x0000000100000000)
  eden space 23552K, 100% used [0x00000000eab00000,0x00000000ec200000,0x00000000ec200000)
  from space 3072K, 84% used [0x00000000ec280000,0x00000000ec5054c8,0x00000000ec580000)
  to   space 3584K, 0% used [0x00000000ec580000,0x00000000ec580000,0x00000000ec900000)
 ParOldGen       total 68608K, used 23612K [0x00000000c0000000, 0x00000000c4300000, 0x00000000eab00000)
  object space 68608K, 34% used [0x00000000c0000000,0x00000000c170f278,0x00000000c4300000)
 Metaspace       used 29143K, capacity 30837K, committed 31104K, reserved 1077248K
  class space    used 2787K, capacity 3396K, committed 3456K, reserved 1048576K
}
Event: 6.513 GC heap after
{Heap after GC invocations=13 (full 1):
 PSYoungGen      total 24576K, used 1120K [0x00000000eab00000, 0x00000000ec700000, 0x0000000100000000)
  eden space 23040K, 0% used [0x00000000eab00000,0x00000000eab00000,0x00000000ec180000)
  from space 1536K, 72% used [0x00000000ec580000,0x00000000ec698030,0x00000000ec700000)
  to   space 2048K, 0% used [0x00000000ec300000,0x00000000ec300000,0x00000000ec500000)
 ParOldGen       total 68608K, used 25589K [0x00000000c0000000, 0x00000000c4300000, 0x00000000eab00000)
  object space 68608K, 37% used [0x00000000c0000000,0x00000000c18fd430,0x00000000c4300000)
 Metaspace       used 29143K, capacity 30837K, committed 31104K, reserved 1077248K
  class space    used 2787K, capacity 3396K, committed 3456K, reserved 1048576K
}
Event: 6.666 GC heap before
{Heap before GC invocations=14 (full 1):
 PSYoungGen      total 24576K, used 24160K [0x00000000eab00000, 0x00000000ec700000, 0x0000000100000000)
  eden space 23040K, 100% used [0x00000000eab00000,0x00000000ec180000,0x00000000ec180000)
  from space 1536K, 72% used [0x00000000ec580000,0x00000000ec698030,0x00000000ec700000)
  to   space 2048K, 0% used [0x00000000ec300000,0x00000000ec300000,0x00000000ec500000)
 ParOldGen       total 68608K, used 25589K [0x00000000c0000000, 0x00000000c4300000, 0x00000000eab00000)
  object space 68608K, 37% used [0x00000000c0000000,0x00000000c18fd430,0x00000000c4300000)
 Metaspace       used 29778K, capacity 31465K, committed 31872K, reserved 1077248K
  class space    used 2828K, capacity 3435K, committed 3456K, reserved 1048576K
}
Event: 6.677 GC heap after
{Heap after GC invocations=14 (full 1):
 PSYoungGen      total 23552K, used 1008K [0x00000000eab00000, 0x00000000ec600000, 0x0000000100000000)
  eden space 22528K, 0% used [0x00000000eab00000,0x00000000eab00000,0x00000000ec100000)
  from space 1024K, 98% used [0x00000000ec300000,0x00000000ec3fc010,0x00000000ec400000)
  to   space 1536K, 0% used [0x00000000ec480000,0x00000000ec480000,0x00000000ec600000)
 ParOldGen       total 68608K, used 26610K [0x00000000c0000000, 0x00000000c4300000, 0x00000000eab00000)
  object space 68608K, 38% used [0x00000000c0000000,0x00000000c19fcb08,0x00000000c4300000)
 Metaspace       used 29778K, capacity 31465K, committed 31872K, reserved 1077248K
  class space    used 2828K, capacity 3435K, committed 3456K, reserved 1048576K
}
Event: 1293.530 GC heap before
{Heap before GC invocations=15 (full 1):
 PSYoungGen      total 23552K, used 23536K [0x00000000eab00000, 0x00000000ec600000, 0x0000000100000000)
  eden space 22528K, 100% used [0x00000000eab00000,0x00000000ec100000,0x00000000ec100000)
  from space 1024K, 98% used [0x00000000ec300000,0x00000000ec3fc010,0x00000000ec400000)
  to   space 1536K, 0% used [0x00000000ec480000,0x00000000ec480000,0x00000000ec600000)
 ParOldGen       total 68608K, used 26610K [0x00000000c0000000, 0x00000000c4300000, 0x00000000eab00000)
  object space 68608K, 38% used [0x00000000c0000000,0x00000000c19fcb08,0x00000000c4300000)
 Metaspace       used 32683K, capacity 34426K, committed 34816K, reserved 1081344K
  class space    used 3070K, capacity 3741K, committed 3840K, reserved 1048576K
}
Event: 1293.536 GC heap after
{Heap after GC invocations=15 (full 1):
 PSYoungGen      total 23552K, used 1370K [0x00000000eab00000, 0x00000000ec600000, 0x0000000100000000)
  eden space 22016K, 0% used [0x00000000eab00000,0x00000000eab00000,0x00000000ec080000)
  from space 1536K, 89% used [0x00000000ec480000,0x00000000ec5d6860,0x00000000ec600000)
  to   space 1536K, 0% used [0x00000000ec300000,0x00000000ec300000,0x00000000ec480000)
 ParOldGen       total 68608K, used 27622K [0x00000000c0000000, 0x00000000c4300000, 0x00000000eab00000)
  object space 68608K, 40% used [0x00000000c0000000,0x00000000c1af99e8,0x00000000c4300000)
 Metaspace       used 32683K, capacity 34426K, committed 34816K, reserved 1081344K
  class space    used 3070K, capacity 3741K, committed 3840K, reserved 1048576K
}

